RulesFile:topicsPlusDestinations.rules
dresses;1000;{"stocks": 100}
Results:4
ACTION:"SEND" DEST:normal TOPIC:dress stocks DATA:[update stocks]
ACTION:"SEND" DEST:normal TOPIC:dress stocks DATA:{"dresses":{"stocks":100}}
ACTION:"SEND" DEST:normal TOPIC:dress stocks DATA:[update stocks]
ACTION:"SEND" DEST:normal TOPIC:dress stocks DATA:{"dresses":{"stocks":100}}
dresses;1000;{stocks:20}
Results:6
ACTION:"SEND" DEST:warn TOPIC:low stocks DATA:[low stocks]
ACTION:"SEND" DEST:warn TOPIC:low stocks DATA:{"dresses":{"stocks":20}}
ACTION:"SEND" DEST:warn TOPIC:low stocks DATA:[low stocks]
ACTION:"SEND" DEST:warn TOPIC:low stocks DATA:{"dresses":{"stocks":20}}
ACTION:"SEND" DEST:purchase TOPIC:purchase 30 DATA:[Purchase 30 dresses]
ACTION:"SEND" DEST:purchase TOPIC:purchase 30 DATA:{"dresses":{"stocks":20}}
dresses;1000;{stocks:52}
Results:4
ACTION:"SEND" DEST:normal TOPIC:dress stocks DATA:[update stocks]
ACTION:"SEND" DEST:normal TOPIC:dress stocks DATA:{"dresses":{"stocks":52}}
ACTION:"SEND" DEST:normal TOPIC:dress stocks DATA:[update stocks]
ACTION:"SEND" DEST:normal TOPIC:dress stocks DATA:{"dresses":{"stocks":52}}
dresses;1000;{stocks:19}
Results:6
ACTION:"SEND" DEST:warn TOPIC:low stocks DATA:[low stocks]
ACTION:"SEND" DEST:warn TOPIC:low stocks DATA:{"dresses":{"stocks":19}}
ACTION:"SEND" DEST:warn TOPIC:low stocks DATA:[low stocks]
ACTION:"SEND" DEST:warn TOPIC:low stocks DATA:{"dresses":{"stocks":19}}
ACTION:"SEND" DEST:purchase TOPIC:purchase 30 DATA:[Purchase 30 dresses]
ACTION:"SEND" DEST:purchase TOPIC:purchase 30 DATA:{"dresses":{"stocks":19}}
dresses;1000;{stocks:46}
Results:4
ACTION:"SEND" DEST:normal TOPIC:dress stocks DATA:[update stocks]
ACTION:"SEND" DEST:normal TOPIC:dress stocks DATA:{"dresses":{"stocks":46}}
ACTION:"SEND" DEST:normal TOPIC:dress stocks DATA:[update stocks]
ACTION:"SEND" DEST:normal TOPIC:dress stocks DATA:{"dresses":{"stocks":46}}
dresses;1000;{stocks:150}
Results:4
ACTION:"SEND" DEST:normal TOPIC:dress stocks DATA:[update stocks]
ACTION:"SEND" DEST:normal TOPIC:dress stocks DATA:{"dresses":{"stocks":150}}
ACTION:"SEND" DEST:normal TOPIC:dress stocks DATA:[update stocks]
ACTION:"SEND" DEST:normal TOPIC:dress stocks DATA:{"dresses":{"stocks":150}}
dresses;1000;{stocks:70}
Results:4
ACTION:"SEND" DEST:normal TOPIC:dress stocks DATA:[update stocks]
ACTION:"SEND" DEST:normal TOPIC:dress stocks DATA:{"dresses":{"stocks":70}}
ACTION:"SEND" DEST:normal TOPIC:dress stocks DATA:[update stocks]
ACTION:"SEND" DEST:normal TOPIC:dress stocks DATA:{"dresses":{"stocks":70}}
dresses;1000;{stocks:20}
Results:6
ACTION:"SEND" DEST:warn TOPIC:low stocks DATA:[low stocks]
ACTION:"SEND" DEST:warn TOPIC:low stocks DATA:{"dresses":{"stocks":20}}
ACTION:"SEND" DEST:warn TOPIC:low stocks DATA:[low stocks]
ACTION:"SEND" DEST:warn TOPIC:low stocks DATA:{"dresses":{"stocks":20}}
ACTION:"SEND" DEST:purchase TOPIC:purchase 30 DATA:[Purchase 30 dresses]
ACTION:"SEND" DEST:purchase TOPIC:purchase 30 DATA:{"dresses":{"stocks":20}}
dresses;1000;{stocks:40}
Results:4
ACTION:"SEND" DEST:normal TOPIC:dress stocks DATA:[update stocks]
ACTION:"SEND" DEST:normal TOPIC:dress stocks DATA:{"dresses":{"stocks":40}}
ACTION:"SEND" DEST:normal TOPIC:dress stocks DATA:[update stocks]
ACTION:"SEND" DEST:normal TOPIC:dress stocks DATA:{"dresses":{"stocks":40}}
dresses;1000;{stocks:80}
Results:4
ACTION:"SEND" DEST:normal TOPIC:dress stocks DATA:[update stocks]
ACTION:"SEND" DEST:normal TOPIC:dress stocks DATA:{"dresses":{"stocks":80}}
ACTION:"SEND" DEST:normal TOPIC:dress stocks DATA:[update stocks]
ACTION:"SEND" DEST:normal TOPIC:dress stocks DATA:{"dresses":{"stocks":80}}
dresses;1000;{stocks:30}
Results:6
ACTION:"SEND" DEST:normal TOPIC:dress stocks DATA:[update stocks]
ACTION:"SEND" DEST:normal TOPIC:dress stocks DATA:{"dresses":{"stocks":30}}
ACTION:"SEND" DEST:warn TOPIC:low stocks DATA:[low stocks]
ACTION:"SEND" DEST:warn TOPIC:low stocks DATA:{"dresses":{"stocks":30}}
ACTION:"SEND" DEST:purchase TOPIC:purchase 30 DATA:[Purchase 30 dresses]
ACTION:"SEND" DEST:purchase TOPIC:purchase 30 DATA:{"dresses":{"stocks":30}}
dresses;1000;{stocks:10}
Results:6
ACTION:"SEND" DEST:warn TOPIC:low stocks DATA:[low stocks]
ACTION:"SEND" DEST:warn TOPIC:low stocks DATA:{"dresses":{"stocks":10}}
ACTION:"SEND" DEST:warn TOPIC:low stocks DATA:[low stocks]
ACTION:"SEND" DEST:warn TOPIC:low stocks DATA:{"dresses":{"stocks":10}}
ACTION:"SEND" DEST:purchase TOPIC:purchase 30 DATA:[Purchase 30 dresses]
ACTION:"SEND" DEST:purchase TOPIC:purchase 30 DATA:{"dresses":{"stocks":10}}
dresses;1000;{stocks:2}
Results:6
ACTION:"SEND" DEST:warn TOPIC:low stocks DATA:[low stocks]
ACTION:"SEND" DEST:warn TOPIC:low stocks DATA:{"dresses":{"stocks":2}}
ACTION:"SEND" DEST:warn TOPIC:low stocks DATA:[low stocks]
ACTION:"SEND" DEST:warn TOPIC:low stocks DATA:{"dresses":{"stocks":2}}
ACTION:"SEND" DEST:purchase TOPIC:purchase 30 DATA:[Purchase 30 dresses]
ACTION:"SEND" DEST:purchase TOPIC:purchase 30 DATA:{"dresses":{"stocks":2}}
dresses;1000;{stocks:8}
Results:6
ACTION:"SEND" DEST:warn TOPIC:low stocks DATA:[low stocks]
ACTION:"SEND" DEST:warn TOPIC:low stocks DATA:{"dresses":{"stocks":8}}
ACTION:"SEND" DEST:warn TOPIC:low stocks DATA:[low stocks]
ACTION:"SEND" DEST:warn TOPIC:low stocks DATA:{"dresses":{"stocks":8}}
ACTION:"SEND" DEST:purchase TOPIC:purchase 30 DATA:[Purchase 30 dresses]
ACTION:"SEND" DEST:purchase TOPIC:purchase 30 DATA:{"dresses":{"stocks":8}}
dresses;1000;{stocks:7}
Results:6
ACTION:"SEND" DEST:warn TOPIC:low stocks DATA:[low stocks]
ACTION:"SEND" DEST:warn TOPIC:low stocks DATA:{"dresses":{"stocks":7}}
ACTION:"SEND" DEST:warn TOPIC:low stocks DATA:[low stocks]
ACTION:"SEND" DEST:warn TOPIC:low stocks DATA:{"dresses":{"stocks":7}}
ACTION:"SEND" DEST:purchase TOPIC:purchase 30 DATA:[Purchase 30 dresses]
ACTION:"SEND" DEST:purchase TOPIC:purchase 30 DATA:{"dresses":{"stocks":7}}
