RulesFile:contain.rules
engine;1000;{"big": "a", "small": "a"}
Results:1
ACTION:"SEND" DEST:normal TOPIC:ENGINE DATA TRANSFORMATION DATA:[0]
engine;1000;{"big": "ABc", "small": "Bc"}
Results:1
ACTION:"SEND" DEST:normal TOPIC:ENGINE DATA TRANSFORMATION DATA:[1]
engine;1000;{"big": "ABc", "small": "AB"}
Results:1
ACTION:"SEND" DEST:normal TOPIC:ENGINE DATA TRANSFORMATION DATA:[0]
engine;1000;{"big": "ABcdeF", "small": "Bcd"}
Results:1
ACTION:"SEND" DEST:normal TOPIC:ENGINE DATA TRANSFORMATION DATA:[1]
engine;1000;{"big": "ABcdeF", "small": "deF"}
Results:1
ACTION:"SEND" DEST:normal TOPIC:ENGINE DATA TRANSFORMATION DATA:[3]
engine;1000;{"big": "ABcdeF", "small": "eF"}
Results:1
ACTION:"SEND" DEST:normal TOPIC:ENGINE DATA TRANSFORMATION DATA:[4]
engine;1000;{"big": "ABcdeF", "small": "F"}
Results:1
ACTION:"SEND" DEST:normal TOPIC:ENGINE DATA TRANSFORMATION DATA:[5]
engine;1000;{"big": "ABcdeF", "small": "AB"}
Results:1
ACTION:"SEND" DEST:normal TOPIC:ENGINE DATA TRANSFORMATION DATA:[0]
engine;1000;{"big": "ABcdeF", "small": "A"}
Results:1
ACTION:"SEND" DEST:normal TOPIC:ENGINE DATA TRANSFORMATION DATA:[0]
engine;1000;{"big": "ABcdeF", "small": "de"}
Results:1
ACTION:"SEND" DEST:normal TOPIC:ENGINE DATA TRANSFORMATION DATA:[3]
engine;1000;{"big": "a", "small": "b"}
Results:1
ACTION:"SEND" DEST:normal TOPIC:ENGINE DATA TRANSFORMATION DATA:[-1]
engine;1000;{"big": "ABc", "small": "aBc"}
Results:1
ACTION:"SEND" DEST:normal TOPIC:ENGINE DATA TRANSFORMATION DATA:[-1]
engine;1000;{"big": "ABc", "small": "ABd"}
Results:1
ACTION:"SEND" DEST:normal TOPIC:ENGINE DATA TRANSFORMATION DATA:[-1]
engine;1000;{"big": "ABcdeF", "small": "Bd"}
Results:1
ACTION:"SEND" DEST:normal TOPIC:ENGINE DATA TRANSFORMATION DATA:[-1]
engine;1000;{"big": "ABcdeF", "small": "eFj"}
Results:1
ACTION:"SEND" DEST:normal TOPIC:ENGINE DATA TRANSFORMATION DATA:[-1]
engine;1000;{"big": "ABcdeF", "small": "ge"}
Results:1
ACTION:"SEND" DEST:normal TOPIC:ENGINE DATA TRANSFORMATION DATA:[-1]
engine;1000;{"big": "ABcdeF", "small": "_0_"}
Results:1
ACTION:"SEND" DEST:normal TOPIC:ENGINE DATA TRANSFORMATION DATA:[-1]
engine;1000;{"big": "ABcdeF", "small": "ABcdeF0"}
Results:1
ACTION:"SEND" DEST:normal TOPIC:ENGINE DATA TRANSFORMATION DATA:[-1]
engine;1000;{"big": "ABcdeF", "small": "Bc!"}
Results:1
ACTION:"SEND" DEST:normal TOPIC:ENGINE DATA TRANSFORMATION DATA:[-1]
engine;1000;{"big": "ABcdeF", "small": "!AB"}
Results:1
ACTION:"SEND" DEST:normal TOPIC:ENGINE DATA TRANSFORMATION DATA:[-1]
engine;1000;{"big": "AB", "small": "ABCD"}
Results:1
ACTION:"SEND" DEST:normal TOPIC:ENGINE DATA TRANSFORMATION DATA:[-1]
