RulesFile:datetounix.rules
engine;1000;{"date": "2017-06-09T12:40:00.000"}
Results:1
ACTION:"SEND" DEST:normal TOPIC:ENGINE DATE DATA:[1497012000]
engine;1000;{"date": "2017-06-09T12:41:00.000"}
Results:1
ACTION:"SEND" DEST:normal TOPIC:ENGINE DATE DATA:[1497012060]
engine;1000;{"date": "2017-06-09T12:42:00.000"}
Results:1
ACTION:"SEND" DEST:normal TOPIC:ENGINE DATE DATA:[1497012120]
engine;1000;{"date": "2017-06-09T12:43:00.000"}
Results:1
ACTION:"SEND" DEST:normal TOPIC:ENGINE DATE DATA:[1497012180]
engine;1000;{"date": "2017-06-09T12:44:00.000"}
Results:1
ACTION:"SEND" DEST:normal TOPIC:ENGINE DATE DATA:[1497012240]
engine;1000;{"date": "2017-06-09T12:45:00.000"}
Results:1
ACTION:"SEND" DEST:normal TOPIC:ENGINE DATE DATA:[1497012300]
engine;1000;{"date": "2017-06-09T12:46:00.000"}
Results:1
ACTION:"SEND" DEST:normal TOPIC:ENGINE DATE DATA:[1497012360]
engine;1000;{"date": "06/09/2017 12:46:00.000"}
Results:1
ACTION:"SEND" DEST:normal TOPIC:ENGINE DATE DATA:[0]
