RulesFile:formatdate.rules
engine;1000;{"date": "2017-06-09T12:40:00.000Z"}
Results:8
ACTION:"SEND" DEST:normal TOPIC:ENGINE DATE DATA:[Fri, 9 Jun 2017 12:40:00]
ACTION:"SEND" DEST:normal TOPIC:ENGINE DATE DATA:[2017.06.09 AD at 12:40:00 PDT]
ACTION:"SEND" DEST:normal TOPIC:ENGINE DATE DATA:[2017.June.09 AD 12:40 PM]
ACTION:"SEND" DEST:normal TOPIC:ENGINE DATE DATA:[06-09-2017T12:40:00.000-0700]
ACTION:"SEND" DEST:normal TOPIC:ENGINE DATE DATA:[09 Jun, 2017 12:40:00.000-0700]
ACTION:"SEND" DEST:normal TOPIC:ENGINE DATE DATA:[Fri Jun 09 12:40:00 PDT 2017]
ACTION:"SEND" DEST:normal TOPIC:ENGINE DATE DATA:[2017/06/09 12:40:00 PDT]
ACTION:"SEND" DEST:normal TOPIC:ENGINE DATE DATA:[09-06-17:12:40:00 -0700]
engine;1000;{"date": "2017-06-09T12:47:00.000Z"}
Results:8
ACTION:"SEND" DEST:normal TOPIC:ENGINE DATE DATA:[Fri, 9 Jun 2017 12:47:00]
ACTION:"SEND" DEST:normal TOPIC:ENGINE DATE DATA:[2017.06.09 AD at 12:47:00 PDT]
ACTION:"SEND" DEST:normal TOPIC:ENGINE DATE DATA:[2017.June.09 AD 12:47 PM]
ACTION:"SEND" DEST:normal TOPIC:ENGINE DATE DATA:[06-09-2017T12:47:00.000-0700]
ACTION:"SEND" DEST:normal TOPIC:ENGINE DATE DATA:[09 Jun, 2017 12:47:00.000-0700]
ACTION:"SEND" DEST:normal TOPIC:ENGINE DATE DATA:[Fri Jun 09 12:47:00 PDT 2017]
ACTION:"SEND" DEST:normal TOPIC:ENGINE DATE DATA:[2017/06/09 12:47:00 PDT]
ACTION:"SEND" DEST:normal TOPIC:ENGINE DATE DATA:[09-06-17:12:47:00 -0700]
