RulesFile:unixtodate.rules
engine;1000;{"timestamp": 1497012000}
Results:8
ACTION:"SEND" DEST:normal TOPIC:ENGINE DATE DATA:[2017-06-09T12:40:00.000 +0000]
ACTION:"SEND" DEST:normal TOPIC:ENGINE DATE DATA:[Fri, 9 Jun 2017 12:40:00 +0000]
ACTION:"SEND" DEST:normal TOPIC:ENGINE DATE DATA:[2017.06.09 AD at 12:40:00 GMT]
ACTION:"SEND" DEST:normal TOPIC:ENGINE DATE DATA:[2017.June.09 AD 12:40 PM]
ACTION:"SEND" DEST:normal TOPIC:ENGINE DATE DATA:[06-09-2017 19:40:00.000+0700]
ACTION:"SEND" DEST:normal TOPIC:ENGINE DATE DATA:[Fri Jun 09 19:40:00 GMT+07:00 2017]
ACTION:"SEND" DEST:normal TOPIC:ENGINE DATE DATA:[2017/06/09 19:40:00 GMT+07:00]
ACTION:"SEND" DEST:normal TOPIC:ENGINE DATE DATA:[09-06-17:19:40:00+0700]
engine;1000;{"timestamp": 1497012060}
Results:8
ACTION:"SEND" DEST:normal TOPIC:ENGINE DATE DATA:[2017-06-09T12:41:00.000 +0000]
ACTION:"SEND" DEST:normal TOPIC:ENGINE DATE DATA:[Fri, 9 Jun 2017 12:41:00 +0000]
ACTION:"SEND" DEST:normal TOPIC:ENGINE DATE DATA:[2017.06.09 AD at 12:41:00 GMT]
ACTION:"SEND" DEST:normal TOPIC:ENGINE DATE DATA:[2017.June.09 AD 12:41 PM]
ACTION:"SEND" DEST:normal TOPIC:ENGINE DATE DATA:[06-09-2017 19:41:00.000+0700]
ACTION:"SEND" DEST:normal TOPIC:ENGINE DATE DATA:[Fri Jun 09 19:41:00 GMT+07:00 2017]
ACTION:"SEND" DEST:normal TOPIC:ENGINE DATE DATA:[2017/06/09 19:41:00 GMT+07:00]
ACTION:"SEND" DEST:normal TOPIC:ENGINE DATE DATA:[09-06-17:19:41:00+0700]
engine;1000;{"timestamp": "unknown"}
Results:0
engine;1000;{"timestamp": "1497012120"}
Results:0
